<?xml version="1.0" encoding="UTF-8"?>
<!-- Generated by org.testng.reporters.JUnitReportReporter -->
<testsuite skipped="0" hostname="LAPTOP-V56M9FQC" name="org.test.TestSuite" tests="2" failures="0" timestamp="29 Dec 2020 12:26:10 GMT" time="23.435" errors="0">
  <testcase name="login" time="7.914" classname="org.test.TestSuite"/>
  <testcase name="homePage" time="15.521" classname="org.test.TestSuite"/>
</testsuite> <!-- org.test.TestSuite -->
